
**** Build of configuration Debug for project crypto_dspSimulation ****

C:\ti\ccsv5\utils\bin\gmake -k all 
'Building file: ../main.c'
'Invoking: C6000 Compiler'
"C:/ti/ccsv5/tools/compiler/c6000/bin/cl6x" -mv6740 -g --include_path="C:/ti/ccsv5/tools/compiler/c6000/include" --display_error_number --diag_warning=225 --abi=coffabi --preproc_with_compile --preproc_dependency="main.pp"  "../main.c"
"..\library/helpfulFunctions.h", line 14: fatal error #5: could not open source file "sys/time.h"
1 fatal error detected in the compilation of "../main.c".
Compilation terminated.

>> Compilation failure
gmake: *** [main.obj] Error 1
'Building file: ../library/PRNG.c'
'Invoking: C6000 Compiler'
"C:/ti/ccsv5/tools/compiler/c6000/bin/cl6x" -mv6740 -g --include_path="C:/ti/ccsv5/tools/compiler/c6000/include" --display_error_number --diag_warning=225 --abi=coffabi --preproc_with_compile --preproc_dependency="library/PRNG.pp" --obj_directory="library"  "../library/PRNG.c"
"..\library\helpfulFunctions.h", line 14: fatal error #5: could not open source file "sys/time.h"
1 fatal error detected in the compilation of "../library/PRNG.c".
Compilation terminated.

>> Compilation failure
gmake: *** [library/PRNG.obj] Error 1
'Building file: ../library/encryptDecrypt.c'
'Invoking: C6000 Compiler'
"C:/ti/ccsv5/tools/compiler/c6000/bin/cl6x" -mv6740 -g --include_path="C:/ti/ccsv5/tools/compiler/c6000/include" --display_error_number --diag_warning=225 --abi=coffabi --preproc_with_compile --preproc_dependency="library/encryptDecrypt.pp" --obj_directory="library"  "../library/encryptDecrypt.c"
"..\library\helpfulFunctions.h", line 14: fatal error #5: could not open source file "sys/time.h"
1 fatal error detected in the compilation of "../library/encryptDecrypt.c".
Compilation terminated.

>> Compilation failure
gmake: *** [library/encryptDecrypt.obj] Error 1
'Building file: ../library/helpfulFunctions.c'
'Invoking: C6000 Compiler'
"C:/ti/ccsv5/tools/compiler/c6000/bin/cl6x" -mv6740 -g --include_path="C:/ti/ccsv5/tools/compiler/c6000/include" --display_error_number --diag_warning=225 --abi=coffabi --preproc_with_compile --preproc_dependency="library/helpfulFunctions.pp" --obj_directory="library"  "../library/helpfulFunctions.c"
"..\library\helpfulFunctions.h", line 14: fatal error #5: could not open source file "sys/time.h"
1 fatal error detected in the compilation of "../library/helpfulFunctions.c".
Compilation terminated.

>> Compilation failure
gmake: *** [library/helpfulFunctions.obj] Error 1
'Building file: ../library/hmac.c'
'Invoking: C6000 Compiler'
"C:/ti/ccsv5/tools/compiler/c6000/bin/cl6x" -mv6740 -g --include_path="C:/ti/ccsv5/tools/compiler/c6000/include" --display_error_number --diag_warning=225 --abi=coffabi --preproc_with_compile --preproc_dependency="library/hmac.pp" --obj_directory="library"  "../library/hmac.c"
"..\library\helpfulFunctions.h", line 14: fatal error #5: could not open source file "sys/time.h"
1 fatal error detected in the compilation of "../library/hmac.c".
Compilation terminated.

>> Compilation failure
gmake: *** [library/hmac.obj] Error 1
'Building file: ../library/sha2.c'
'Invoking: C6000 Compiler'
"C:/ti/ccsv5/tools/compiler/c6000/bin/cl6x" -mv6740 -g --include_path="C:/ti/ccsv5/tools/compiler/c6000/include" --display_error_number --diag_warning=225 --abi=coffabi --preproc_with_compile --preproc_dependency="library/sha2.pp" --obj_directory="library"  "../library/sha2.c"
"..\library\helpfulFunctions.h", line 14: fatal error #5: could not open source file "sys/time.h"
1 fatal error detected in the compilation of "../library/sha2.c".
Compilation terminated.

>> Compilation failure
gmake: *** [library/sha2.obj] Error 1
'Building file: ../library/sha2prog.c'
'Invoking: C6000 Compiler'
"C:/ti/ccsv5/tools/compiler/c6000/bin/cl6x" -mv6740 -g --include_path="C:/ti/ccsv5/tools/compiler/c6000/include" --display_error_number --diag_warning=225 --abi=coffabi --preproc_with_compile --preproc_dependency="library/sha2prog.pp" --obj_directory="library"  "../library/sha2prog.c"
"../library/sha2prog.c", line 39: fatal error #5: could not open source file "sysexits.h"
1 fatal error detected in the compilation of "../library/sha2prog.c".
Compilation terminated.

>> Compilation failure
gmake: *** [library/sha2prog.obj] Error 1
'Building file: ../library/sha2speed.c'
'Invoking: C6000 Compiler'
"C:/ti/ccsv5/tools/compiler/c6000/bin/cl6x" -mv6740 -g --include_path="C:/ti/ccsv5/tools/compiler/c6000/include" --display_error_number --diag_warning=225 --abi=coffabi --preproc_with_compile --preproc_dependency="library/sha2speed.pp" --obj_directory="library"  "../library/sha2speed.c"
"../library/sha2speed.c", line 38: fatal error #5: could not open source file "sys/time.h"
1 fatal error detected in the compilation of "../library/sha2speed.c".
Compilation terminated.

>> Compilation failure
gmake: *** [library/sha2speed.obj] Error 1
'Building file: ../library/useAES.c'
'Invoking: C6000 Compiler'
"C:/ti/ccsv5/tools/compiler/c6000/bin/cl6x" -mv6740 -g --include_path="C:/ti/ccsv5/tools/compiler/c6000/include" --display_error_number --diag_warning=225 --abi=coffabi --preproc_with_compile --preproc_dependency="library/useAES.pp" --obj_directory="library"  "../library/useAES.c"
"..\library\helpfulFunctions.h", line 14: fatal error #5: could not open source file "sys/time.h"
1 fatal error detected in the compilation of "../library/useAES.c".
Compilation terminated.

>> Compilation failure
gmake: *** [library/useAES.obj] Error 1
'Building file: ../library/useSHA256.c'
'Invoking: C6000 Compiler'
"C:/ti/ccsv5/tools/compiler/c6000/bin/cl6x" -mv6740 -g --include_path="C:/ti/ccsv5/tools/compiler/c6000/include" --display_error_number --diag_warning=225 --abi=coffabi --preproc_with_compile --preproc_dependency="library/useSHA256.pp" --obj_directory="library"  "../library/useSHA256.c"
"..\library\helpfulFunctions.h", line 14: fatal error #5: could not open source file "sys/time.h"
1 fatal error detected in the compilation of "../library/useSHA256.c".
Compilation terminated.

>> Compilation failure
gmake: *** [library/useSHA256.obj] Error 1
'Building file: ../library/ciphers/sha2/sha2.c'
'Invoking: C6000 Compiler'
"C:/ti/ccsv5/tools/compiler/c6000/bin/cl6x" -mv6740 -g --include_path="C:/ti/ccsv5/tools/compiler/c6000/include" --display_error_number --diag_warning=225 --abi=coffabi --preproc_with_compile --preproc_dependency="library/ciphers/sha2/sha2.pp" --obj_directory="library/ciphers/sha2"  "../library/ciphers/sha2/sha2.c"
"..\library\ciphers\sha2\sha2.h", line 33: fatal error #5: could not open source file "sys/types.h"
1 fatal error detected in the compilation of "../library/ciphers/sha2/sha2.c".
Compilation terminated.

>> Compilation failure
gmake: *** [library/ciphers/sha2/sha2.obj] Error 1
'Building file: ../library/ciphers/sha2/sha2prog.c'
'Invoking: C6000 Compiler'
"C:/ti/ccsv5/tools/compiler/c6000/bin/cl6x" -mv6740 -g --include_path="C:/ti/ccsv5/tools/compiler/c6000/include" --display_error_number --diag_warning=225 --abi=coffabi --preproc_with_compile --preproc_dependency="library/ciphers/sha2/sha2prog.pp" --obj_directory="library/ciphers/sha2"  "../library/ciphers/sha2/sha2prog.c"
"../library/ciphers/sha2/sha2prog.c", line 39: fatal error #5: could not open source file "sysexits.h"
1 fatal error detected in the compilation of "../library/ciphers/sha2/sha2prog.c".
Compilation terminated.

>> Compilation failure
gmake: *** [library/ciphers/sha2/sha2prog.obj] Error 1
'Building file: ../library/ciphers/sha2/sha2speed.c'
'Invoking: C6000 Compiler'
"C:/ti/ccsv5/tools/compiler/c6000/bin/cl6x" -mv6740 -g --include_path="C:/ti/ccsv5/tools/compiler/c6000/include" --display_error_number --diag_warning=225 --abi=coffabi --preproc_with_compile --preproc_dependency="library/ciphers/sha2/sha2speed.pp" --obj_directory="library/ciphers/sha2"  "../library/ciphers/sha2/sha2speed.c"
"../library/ciphers/sha2/sha2speed.c", line 38: fatal error #5: could not open source file "sys/time.h"
1 fatal error detected in the compilation of "../library/ciphers/sha2/sha2speed.c".
Compilation terminated.

>> Compilation failure
gmake: *** [library/ciphers/sha2/sha2speed.obj] Error 1
'Building file: ../Key_Establishment/Source/additionalFunctions.c'
'Invoking: C6000 Compiler'
"C:/ti/ccsv5/tools/compiler/c6000/bin/cl6x" -mv6740 -g --include_path="C:/ti/ccsv5/tools/compiler/c6000/include" --display_error_number --diag_warning=225 --abi=coffabi --preproc_with_compile --preproc_dependency="Key_Establishment/Source/additionalFunctions.pp" --obj_directory="Key_Establishment/Source"  "../Key_Establishment/Source/additionalFunctions.c"
"../Key_Establishment/Source/additionalFunctions.c", line 1: fatal error #5: could not open source file "Key_Establishment/Header/additionalFunctions.h"
1 fatal error detected in the compilation of "../Key_Establishment/Source/additionalFunctions.c".
Compilation terminated.

>> Compilation failure
gmake: *** [Key_Establishment/Source/additionalFunctions.obj] Error 1
'Building file: ../Key_Establishment/Source/keyEstablishmentFunctions.c'
'Invoking: C6000 Compiler'
"C:/ti/ccsv5/tools/compiler/c6000/bin/cl6x" -mv6740 -g --include_path="C:/ti/ccsv5/tools/compiler/c6000/include" --display_error_number --diag_warning=225 --abi=coffabi --preproc_with_compile --preproc_dependency="Key_Establishment/Source/keyEstablishmentFunctions.pp" --obj_directory="Key_Establishment/Source"  "../Key_Establishment/Source/keyEstablishmentFunctions.c"
"..\Key_Establishment\Source\..\Header\../../library/helpfulFunctions.h", line 14: fatal error #5: could not open source file "sys/time.h"
1 fatal error detected in the compilation of "../Key_Establishment/Source/keyEstablishmentFunctions.c".
Compilation terminated.

>> Compilation failure
gmake: *** [Key_Establishment/Source/keyEstablishmentFunctions.obj] Error 1
'Building file: ../Key_Establishment/Source/maskGenerationFunction.c'
'Invoking: C6000 Compiler'
"C:/ti/ccsv5/tools/compiler/c6000/bin/cl6x" -mv6740 -g --include_path="C:/ti/ccsv5/tools/compiler/c6000/include" --display_error_number --diag_warning=225 --abi=coffabi --preproc_with_compile --preproc_dependency="Key_Establishment/Source/maskGenerationFunction.pp" --obj_directory="Key_Establishment/Source"  "../Key_Establishment/Source/maskGenerationFunction.c"
"..\Key_Establishment\Source\..\Header\..\..\library\helpfulFunctions.h", line 14: fatal error #5: could not open source file "sys/time.h"
1 fatal error detected in the compilation of "../Key_Establishment/Source/maskGenerationFunction.c".
Compilation terminated.

>> Compilation failure
gmake: *** [Key_Establishment/Source/maskGenerationFunction.obj] Error 1
'Building file: ../Key_Establishment/Source/modFunctions.c'
'Invoking: C6000 Compiler'
"C:/ti/ccsv5/tools/compiler/c6000/bin/cl6x" -mv6740 -g --include_path="C:/ti/ccsv5/tools/compiler/c6000/include" --display_error_number --diag_warning=225 --abi=coffabi --preproc_with_compile --preproc_dependency="Key_Establishment/Source/modFunctions.pp" --obj_directory="Key_Establishment/Source"  "../Key_Establishment/Source/modFunctions.c"
"../Key_Establishment/Source/modFunctions.c", line 1: fatal error #5: could not open source file "Key_Establishment/Header/modFunctions.h"
1 fatal error detected in the compilation of "../Key_Establishment/Source/modFunctions.c".
Compilation terminated.

>> Compilation failure
gmake: *** [Key_Establishment/Source/modFunctions.obj] Error 1
'Building file: ../Key_Establishment/Source/modularInverse.c'
'Invoking: C6000 Compiler'
"C:/ti/ccsv5/tools/compiler/c6000/bin/cl6x" -mv6740 -g --include_path="C:/ti/ccsv5/tools/compiler/c6000/include" --display_error_number --diag_warning=225 --abi=coffabi --preproc_with_compile --preproc_dependency="Key_Establishment/Source/modularInverse.pp" --obj_directory="Key_Establishment/Source"  "../Key_Establishment/Source/modularInverse.c"
"../Key_Establishment/Source/modularInverse.c", line 2: fatal error #5: could not open source file "Key_Establishment/Header/modularInverse.h"
1 fatal error detected in the compilation of "../Key_Establishment/Source/modularInverse.c".
Compilation terminated.

>> Compilation failure
gmake: *** [Key_Establishment/Source/modularInverse.obj] Error 1
'Building file: ../Key_Establishment/Source/montExponentiation.c'
'Invoking: C6000 Compiler'
"C:/ti/ccsv5/tools/compiler/c6000/bin/cl6x" -mv6740 -g --include_path="C:/ti/ccsv5/tools/compiler/c6000/include" --display_error_number --diag_warning=225 --abi=coffabi --preproc_with_compile --preproc_dependency="Key_Establishment/Source/montExponentiation.pp" --obj_directory="Key_Establishment/Source"  "../Key_Establishment/Source/montExponentiation.c"
"../Key_Establishment/Source/montExponentiation.c", line 1: fatal error #5: could not open source file "Key_Establishment/Header/montExponentiation.h"
1 fatal error detected in the compilation of "../Key_Establishment/Source/montExponentiation.c".
Compilation terminated.

>> Compilation failure
gmake: *** [Key_Establishment/Source/montExponentiation.obj] Error 1
'Building file: ../Key_Establishment/Source/signatureMessage.c'
'Invoking: C6000 Compiler'
"C:/ti/ccsv5/tools/compiler/c6000/bin/cl6x" -mv6740 -g --include_path="C:/ti/ccsv5/tools/compiler/c6000/include" --display_error_number --diag_warning=225 --abi=coffabi --preproc_with_compile --preproc_dependency="Key_Establishment/Source/signatureMessage.pp" --obj_directory="Key_Establishment/Source"  "../Key_Establishment/Source/signatureMessage.c"
"..\Key_Establishment\Source\..\Header\..\..\library\helpfulFunctions.h", line 14: fatal error #5: could not open source file "sys/time.h"
1 fatal error detected in the compilation of "../Key_Establishment/Source/signatureMessage.c".
Compilation terminated.

>> Compilation failure
gmake: *** [Key_Establishment/Source/signatureMessage.obj] Error 1
'Building file: ../Key_Establishment/Source/verifySignature.c'
'Invoking: C6000 Compiler'
"C:/ti/ccsv5/tools/compiler/c6000/bin/cl6x" -mv6740 -g --include_path="C:/ti/ccsv5/tools/compiler/c6000/include" --display_error_number --diag_warning=225 --abi=coffabi --preproc_with_compile --preproc_dependency="Key_Establishment/Source/verifySignature.pp" --obj_directory="Key_Establishment/Source"  "../Key_Establishment/Source/verifySignature.c"
"..\Key_Establishment\Source\..\Header\..\..\library\helpfulFunctions.h", line 14: fatal error #5: could not open source file "sys/time.h"
1 fatal error detected in the compilation of "../Key_Establishment/Source/verifySignature.c".
Compilation terminated.

>> Compilation failure
gmake: *** [Key_Establishment/Source/verifySignature.obj] Error 1
gmake: Target `all' not remade because of errors.

**** Build Finished ****
