
**** Build of configuration Release for project ccsProject_insideGit ****

C:\ti\ccsv5\utils\bin\gmake -k all 
'Building file: ../main.c'
'Invoking: C6000 Compiler'
<<<<<<< HEAD
"C:/ti/ccsv5/tools/compiler/c6000/bin/cl6x" -mv6740 -O2 --include_path="C:/ti/ccsv5/tools/compiler/c6000/include" --include_path="C:/Xilinx/14.2/ISE_DS/EDK/gnu/arm/nt64/arm-xilinx-linux-gnueabi/libc/usr/include" --display_error_number --diag_warning=225 --abi=coffabi --preproc_with_compile --preproc_dependency="main.pp"  "../main.c"
"C:/Xilinx/14.2/ISE_DS/EDK/gnu/arm/nt64/arm-xilinx-linux-gnueabi/libc/usr/include/sys/select.h", line 124: warning #233-D: declaration is not visible outside of function
"C:/Xilinx/14.2/ISE_DS/EDK/gnu/arm/nt64/arm-xilinx-linux-gnueabi/libc/usr/include/bits/pthreadtypes.h", line 71: warning #41-D: expected an identifier
"../main.c", line 63: warning #552-D: variable "identityBVerified" was set but never used
"../main.c", line 71: warning #552-D: variable "identityAVerified" was set but never used
'Finished building: ../main.c'
' '
'Building target: ccsProject_insideGit.out'
'Invoking: C6000 Linker'
"C:/ti/ccsv5/tools/compiler/c6000/bin/cl6x" -mv6740 -O2 --display_error_number --diag_warning=225 --abi=coffabi -z -m"ccsProject_insideGit.map" --warn_sections -i"C:/ti/ccsv5/tools/compiler/c6000/lib" -i"C:/ti/ccsv5/tools/compiler/c6000/include" --reread_libs --rom_model -o "ccsProject_insideGit.out"  "./Key_Establishment/Source/verifySignature.obj" "./Key_Establishment/Source/signatureMessage.obj" "./Key_Establishment/Source/montExponentiation.obj" "./Key_Establishment/Source/modularInverse.obj" "./Key_Establishment/Source/modFunctions.obj" "./Key_Establishment/Source/maskGenerationFunction.obj" "./Key_Establishment/Source/keyEstablishmentFunctions.obj" "./Key_Establishment/Source/additionalFunctions.obj" "./library/useSHA256.obj" "./library/useAES.obj" "./library/sha2.obj" "./library/hmac.obj" "./library/helpfulFunctions.obj" "./library/encryptDecrypt.obj" "./library/aes.obj" "./library/PRNG.obj" "./main.obj" -l"libc.a" "../C6748.cmd" 
<Linking>
'Finished building target: ccsProject_insideGit.out'
' '
=======
"C:/ti/ccsv5/tools/compiler/c6000/bin/cl6x" -mv6740 -O2 --include_path="C:/ti/ccsv5/tools/compiler/c6000/include" --display_error_number --diag_warning=225 --abi=coffabi --preproc_with_compile --preproc_dependency="main.pp"  "../main.c"
"..\library/sha2.h", line 55: fatal error #5: could not open source file "sys/types.h"
1 fatal error detected in the compilation of "../main.c".
Compilation terminated.

>> Compilation failure
gmake: *** [main.obj] Error 1
'Building file: ../library/PRNG.c'
'Invoking: C6000 Compiler'
"C:/ti/ccsv5/tools/compiler/c6000/bin/cl6x" -mv6740 -O2 --include_path="C:/ti/ccsv5/tools/compiler/c6000/include" --display_error_number --diag_warning=225 --abi=coffabi --preproc_with_compile --preproc_dependency="library/PRNG.pp" --obj_directory="library"  "../library/PRNG.c"
"..\library\sha2.h", line 55: fatal error #5: could not open source file "sys/types.h"
1 fatal error detected in the compilation of "../library/PRNG.c".
Compilation terminated.

>> Compilation failure
gmake: *** [library/PRNG.obj] Error 1
'Building file: ../library/encryptDecrypt.c'
'Invoking: C6000 Compiler'
"C:/ti/ccsv5/tools/compiler/c6000/bin/cl6x" -mv6740 -O2 --include_path="C:/ti/ccsv5/tools/compiler/c6000/include" --display_error_number --diag_warning=225 --abi=coffabi --preproc_with_compile --preproc_dependency="library/encryptDecrypt.pp" --obj_directory="library"  "../library/encryptDecrypt.c"
"..\library\sha2.h", line 55: fatal error #5: could not open source file "sys/types.h"
1 fatal error detected in the compilation of "../library/encryptDecrypt.c".
Compilation terminated.

>> Compilation failure
gmake: *** [library/encryptDecrypt.obj] Error 1
'Building file: ../library/hmac.c'
'Invoking: C6000 Compiler'
"C:/ti/ccsv5/tools/compiler/c6000/bin/cl6x" -mv6740 -O2 --include_path="C:/ti/ccsv5/tools/compiler/c6000/include" --display_error_number --diag_warning=225 --abi=coffabi --preproc_with_compile --preproc_dependency="library/hmac.pp" --obj_directory="library"  "../library/hmac.c"
"..\library\sha2.h", line 55: fatal error #5: could not open source file "sys/types.h"
1 fatal error detected in the compilation of "../library/hmac.c".
Compilation terminated.

>> Compilation failure
gmake: *** [library/hmac.obj] Error 1
'Building file: ../library/sha2.c'
'Invoking: C6000 Compiler'
"C:/ti/ccsv5/tools/compiler/c6000/bin/cl6x" -mv6740 -O2 --include_path="C:/ti/ccsv5/tools/compiler/c6000/include" --display_error_number --diag_warning=225 --abi=coffabi --preproc_with_compile --preproc_dependency="library/sha2.pp" --obj_directory="library"  "../library/sha2.c"
"..\library\sha2.h", line 55: fatal error #5: could not open source file "sys/types.h"
1 fatal error detected in the compilation of "../library/sha2.c".
Compilation terminated.

>> Compilation failure
gmake: *** [library/sha2.obj] Error 1
'Building file: ../library/useSHA256.c'
'Invoking: C6000 Compiler'
"C:/ti/ccsv5/tools/compiler/c6000/bin/cl6x" -mv6740 -O2 --include_path="C:/ti/ccsv5/tools/compiler/c6000/include" --display_error_number --diag_warning=225 --abi=coffabi --preproc_with_compile --preproc_dependency="library/useSHA256.pp" --obj_directory="library"  "../library/useSHA256.c"
"..\library\sha2.h", line 55: fatal error #5: could not open source file "sys/types.h"
1 fatal error detected in the compilation of "../library/useSHA256.c".
Compilation terminated.

>> Compilation failure
gmake: *** [library/useSHA256.obj] Error 1
'Building file: ../Key_Establishment/Source/keyEstablishmentFunctions.c'
'Invoking: C6000 Compiler'
"C:/ti/ccsv5/tools/compiler/c6000/bin/cl6x" -mv6740 -O2 --include_path="C:/ti/ccsv5/tools/compiler/c6000/include" --display_error_number --diag_warning=225 --abi=coffabi --preproc_with_compile --preproc_dependency="Key_Establishment/Source/keyEstablishmentFunctions.pp" --obj_directory="Key_Establishment/Source"  "../Key_Establishment/Source/keyEstablishmentFunctions.c"
"..\Key_Establishment\Source\..\Header\..\..\library\sha2.h", line 55: fatal error #5: could not open source file "sys/types.h"
1 fatal error detected in the compilation of "../Key_Establishment/Source/keyEstablishmentFunctions.c".
Compilation terminated.

>> Compilation failure
gmake: *** [Key_Establishment/Source/keyEstablishmentFunctions.obj] Error 1
'Building file: ../Key_Establishment/Source/maskGenerationFunction.c'
'Invoking: C6000 Compiler'
"C:/ti/ccsv5/tools/compiler/c6000/bin/cl6x" -mv6740 -O2 --include_path="C:/ti/ccsv5/tools/compiler/c6000/include" --display_error_number --diag_warning=225 --abi=coffabi --preproc_with_compile --preproc_dependency="Key_Establishment/Source/maskGenerationFunction.pp" --obj_directory="Key_Establishment/Source"  "../Key_Establishment/Source/maskGenerationFunction.c"
"..\Key_Establishment\Source\..\Header\..\..\library\sha2.h", line 55: fatal error #5: could not open source file "sys/types.h"
1 fatal error detected in the compilation of "../Key_Establishment/Source/maskGenerationFunction.c".
Compilation terminated.

>> Compilation failure
gmake: *** [Key_Establishment/Source/maskGenerationFunction.obj] Error 1
'Building file: ../Key_Establishment/Source/signatureMessage.c'
'Invoking: C6000 Compiler'
"C:/ti/ccsv5/tools/compiler/c6000/bin/cl6x" -mv6740 -O2 --include_path="C:/ti/ccsv5/tools/compiler/c6000/include" --display_error_number --diag_warning=225 --abi=coffabi --preproc_with_compile --preproc_dependency="Key_Establishment/Source/signatureMessage.pp" --obj_directory="Key_Establishment/Source"  "../Key_Establishment/Source/signatureMessage.c"
"..\Key_Establishment\Source\..\Header\..\..\library\sha2.h", line 55: fatal error #5: could not open source file "sys/types.h"
1 fatal error detected in the compilation of "../Key_Establishment/Source/signatureMessage.c".
Compilation terminated.

>> Compilation failure
gmake: *** [Key_Establishment/Source/signatureMessage.obj] Error 1
'Building file: ../Key_Establishment/Source/verifySignature.c'
'Invoking: C6000 Compiler'
"C:/ti/ccsv5/tools/compiler/c6000/bin/cl6x" -mv6740 -O2 --include_path="C:/ti/ccsv5/tools/compiler/c6000/include" --display_error_number --diag_warning=225 --abi=coffabi --preproc_with_compile --preproc_dependency="Key_Establishment/Source/verifySignature.pp" --obj_directory="Key_Establishment/Source"  "../Key_Establishment/Source/verifySignature.c"
"..\Key_Establishment\Source\..\Header\..\..\library\sha2.h", line 55: fatal error #5: could not open source file "sys/types.h"
1 fatal error detected in the compilation of "../Key_Establishment/Source/verifySignature.c".
Compilation terminated.

>> Compilation failure
gmake: *** [Key_Establishment/Source/verifySignature.obj] Error 1
gmake: Target `all' not remade because of errors.
>>>>>>> parent of 187af53... updated files

**** Build Finished ****
